<?xml version="1.0" encoding="UTF-8"?>
<testsuite xmlns:xsi="http://www.w3.org/2001/XMLSchema-instance" xsi:noNamespaceSchemaLocation="https://maven.apache.org/surefire/maven-surefire-plugin/xsd/surefire-test-report-3.0.xsd" version="3.0" name="com.spms.backend.service.GithubOAuthServiceTest" time="0.008" tests="5" errors="0" skipped="0" failures="0">
  <properties>
[...]
</properties>
  <testcase name="handleCallbackReturnsResponseWhenGithubAuthenticationSucceeds" classname="com.spms.backend.service.GithubOAuthServiceTest" time="0.002"/>
  <testcase name="handleCallbackThrows401WhenTokenExchangeFails" classname="com.spms.backend.service.GithubOAuthServiceTest" time="0.001"/>
  <testcase name="handleCallbackThrows401WhenGithubUserFetchFails" classname="com.spms.backend.service.GithubOAuthServiceTest" time="0.001"/>
  <testcase name="handleCallbackThrows400WhenStateIsMissing" classname="com.spms.backend.service.GithubOAuthServiceTest" time="0.001"/>
  <testcase name="handleCallbackThrows400WhenCodeIsMissing" classname="com.spms.backend.service.GithubOAuthServiceTest" time="0.001"/>
</testsuite>